<<2014-03-03 09:08:05,765> <WARN> <com.chordiant.core.configuration.ConfigurationHelper.log()> <ThreadID:server.startup : 2> method: putIntoHashTable():	Input Parameter is null. [accountmanagerclientagent]. This section has no configuration items. Check configuration.
<<2014-03-03 09:08:05,768> <WARN> <com.chordiant.core.configuration.ConfigurationHelper.log()> <ThreadID:server.startup : 2> method: getConfigurationValue():	null Array returned by getConfiguration()
<<2014-03-03 09:08:05,770> <WARN> <com.chordiant.core.configuration.ConfigurationHelper.log()> <ThreadID:server.startup : 2> method: putIntoHashTable():	Input Parameter is null. [customermanagerclientagent]. This section has no configuration items. Check configuration.
<<2014-03-03 09:08:05,771> <WARN> <com.chordiant.core.configuration.ConfigurationHelper.log()> <ThreadID:server.startup : 2> method: getConfigurationValue():	null Array returned by getConfiguration()
<<2014-03-03 09:08:05,779> <WARN> <com.chordiant.core.configuration.ConfigurationHelper.log()> <ThreadID:server.startup : 2> method: putIntoHashTable():	Input Parameter is null. [accountmanagerclientagent]. This section has no configuration items. Check configuration.
<<2014-03-03 09:08:05,780> <WARN> <com.chordiant.core.configuration.ConfigurationHelper.log()> <ThreadID:server.startup : 2> method: getConfigurationValue():	null Array returned by getConfiguration()
<<2014-03-03 09:08:05,780> <WARN> <com.chordiant.core.configuration.ConfigurationHelper.log()> <ThreadID:server.startup : 2> method: putIntoHashTable():	Input Parameter is null. [accountmanagerclientagent]. This section has no configuration items. Check configuration.
<<2014-03-03 09:08:05,780> <WARN> <com.chordiant.core.configuration.ConfigurationHelper.log()> <ThreadID:server.startup : 2> method: getConfigurationValue():	null Array returned by getConfiguration()
<<2014-03-03 09:08:05,781> <WARN> <com.chordiant.core.configuration.ConfigurationHelper.log()> <ThreadID:server.startup : 2> method: putIntoHashTable():	Input Parameter is null. [accountmanagerclientagent]. This section has no configuration items. Check configuration.
<<2014-03-03 09:08:05,781> <WARN> <com.chordiant.core.configuration.ConfigurationHelper.log()> <ThreadID:server.startup : 2> method: getConfigurationValue():	null Array returned by getConfiguration()
<<2014-03-03 09:08:05,781> <WARN> <com.chordiant.core.configuration.ConfigurationHelper.log()> <ThreadID:server.startup : 2> method: putIntoHashTable():	Input Parameter is null. [customermanagerclientagent]. This section has no configuration items. Check configuration.
<<2014-03-03 09:08:05,782> <WARN> <com.chordiant.core.configuration.ConfigurationHelper.log()> <ThreadID:server.startup : 2> method: getConfigurationValue():	null Array returned by getConfiguration()
<<2014-03-03 09:08:05,782> <WARN> <com.chordiant.core.configuration.ConfigurationHelper.log()> <ThreadID:server.startup : 2> method: putIntoHashTable():	Input Parameter is null. [customermanagerclientagent]. This section has no configuration items. Check configuration.
<<2014-03-03 09:08:05,782> <WARN> <com.chordiant.core.configuration.ConfigurationHelper.log()> <ThreadID:server.startup : 2> method: getConfigurationValue():	null Array returned by getConfiguration()
<<2014-03-03 09:08:05,783> <WARN> <com.chordiant.core.configuration.ConfigurationHelper.log()> <ThreadID:server.startup : 2> method: putIntoHashTable():	Input Parameter is null. [customermanagerclientagent]. This section has no configuration items. Check configuration.
<<2014-03-03 09:08:05,783> <WARN> <com.chordiant.core.configuration.ConfigurationHelper.log()> <ThreadID:server.startup : 2> method: getConfigurationValue():	null Array returned by getConfiguration()
<<2014-03-03 09:08:05,789> <WARN> <com.chordiant.core.configuration.ConfigurationHelper.log()> <ThreadID:server.startup : 2> method: putIntoHashTable():	Input Parameter is null. [remoteejb]. This section has no configuration items. Check configuration.
<<2014-03-03 09:08:05,790> <WARN> <com.chordiant.core.configuration.ConfigurationHelper.log()> <ThreadID:server.startup : 2> method: getConfigurationValue():	null Array returned by getConfiguration()
<<2014-03-03 09:08:05,790> <WARN> <com.chordiant.core.configuration.ConfigurationHelper.log()> <ThreadID:server.startup : 2> method: putIntoHashTable():	Input Parameter is null. [distributedaudit]. This section has no configuration items. Check configuration.
<<2014-03-03 09:08:05,790> <WARN> <com.chordiant.core.configuration.ConfigurationHelper.log()> <ThreadID:server.startup : 2> method: putIntoHashTable():	Input Parameter is null. [distributeddebug]. This section has no configuration items. Check configuration.
<<2014-03-03 09:08:06,136> <WARN> <com.chordiant.service.clientagent.EJBReference.log()> <ThreadID:CustomObjectsHelper delayed setup thread> method: getEJBObject():	Lookup returned null object for [com_chordiant_service_ejb_EJBGatewayServiceBMT]
<<2014-03-03 09:08:06,136> <WARN> <com.chordiant.core.customobjects.CustomObjectsHelper.log()> <ThreadID:CustomObjectsHelper delayed setup thread> method: waitForChordiantEJB():	Exception occured binding to Chordiant EJB, sleeping and retrying, try [1] of [30] ...
<<2014-03-03 09:08:06,448> <WARN> <com.chordiant.core.configuration.ConfigurationHelper.log()> <ThreadID:server.startup : 2> method: putIntoHashTable():	Input Parameter is null. [xstreamdatetransform]. This section has no configuration items. Check configuration.
<<2014-03-03 09:08:06,451> <WARN> <com.chordiant.core.configuration.ConfigurationHelper.log()> <ThreadID:server.startup : 2> method: getConfigurationValue():	null Array returned by getConfiguration()
<<2014-03-03 09:08:07,334> <WARN> <com.chordiant.core.configuration.ConfigurationHelper.log()> <ThreadID:CustomObjectsHelper delayed setup thread> method: putIntoHashTable():	Input Parameter is null. [ssvc_securitymgrbean.normalization]. This section has no configuration items. Check configuration.
<<2014-03-03 09:08:07,334> <WARN> <com.chordiant.core.configuration.ConfigurationHelper.log()> <ThreadID:CustomObjectsHelper delayed setup thread> method: getConfigurationValue():	null Array returned by getConfiguration()
<<2014-03-03 09:08:11,537> <WARN> <com.chordiant.core.configuration.ConfigurationHelper.log()> <ThreadID:server.startup : 2> method: putIntoHashTable():	Input Parameter is null. [ssvc_securitymgrbean.normalization]. This section has no configuration items. Check configuration.
<<2014-03-03 09:08:11,537> <WARN> <com.chordiant.core.configuration.ConfigurationHelper.log()> <ThreadID:server.startup : 2> method: getConfigurationValue():	null Array returned by getConfiguration()
<<2014-03-03 09:08:12,984> <WARN> <com.chordiant.core.configuration.ConfigurationHelper.log()> <ThreadID:CustomObjectsHelper delayed setup thread> method: putIntoHashTable():	Input Parameter is null. [cacheservice.normalization]. This section has no configuration items. Check configuration.
<<2014-03-03 09:08:12,985> <WARN> <com.chordiant.core.configuration.ConfigurationHelper.log()> <ThreadID:CustomObjectsHelper delayed setup thread> method: getConfigurationValue():	null Array returned by getConfiguration()
<<2014-03-03 09:08:13,015> <WARN> <com.chordiant.core.configuration.ConfigurationHelper.log()> <ThreadID:CustomObjectsHelper delayed setup thread> method: putIntoHashTable():	Input Parameter is null. [cacheservice.normalization]. This section has no configuration items. Check configuration.
<<2014-03-03 09:08:13,015> <WARN> <com.chordiant.core.configuration.ConfigurationHelper.log()> <ThreadID:CustomObjectsHelper delayed setup thread> method: getConfigurationValue():	null Array returned by getConfiguration()
<<2014-03-03 09:08:13,024> <WARN> <com.chordiant.core.configuration.ConfigurationHelper.log()> <ThreadID:CustomObjectsHelper delayed setup thread> method: putIntoHashTable():	Input Parameter is null. [cacheservice.normalization]. This section has no configuration items. Check configuration.
<<2014-03-03 09:08:13,025> <WARN> <com.chordiant.core.configuration.ConfigurationHelper.log()> <ThreadID:CustomObjectsHelper delayed setup thread> method: getConfigurationValue():	null Array returned by getConfiguration()
<<2014-03-03 09:08:13,048> <WARN> <com.chordiant.core.configuration.ConfigurationHelper.log()> <ThreadID:CustomObjectsHelper delayed setup thread> method: putIntoHashTable():	Input Parameter is null. [cacheservice.normalization]. This section has no configuration items. Check configuration.
<<2014-03-03 09:08:13,049> <WARN> <com.chordiant.core.configuration.ConfigurationHelper.log()> <ThreadID:CustomObjectsHelper delayed setup thread> method: getConfigurationValue():	null Array returned by getConfiguration()
<<2014-03-03 09:08:13,050> <WARN> <com.chordiant.core.configuration.ConfigurationHelper.log()> <ThreadID:CustomObjectsHelper delayed setup thread> method: putIntoHashTable():	Input Parameter is null. [ssvc_securitymgrbean.normalization]. This section has no configuration items. Check configuration.
<<2014-03-03 09:08:13,050> <WARN> <com.chordiant.core.configuration.ConfigurationHelper.log()> <ThreadID:CustomObjectsHelper delayed setup thread> method: getConfigurationValue():	null Array returned by getConfiguration()
<<2014-03-03 09:08:13,129> <WARN> <com.chordiant.core.configuration.ConfigurationHelper.log()> <ThreadID:CustomObjectsHelper delayed setup thread> method: putIntoHashTable():	Input Parameter is null. [cacheservice.normalization]. This section has no configuration items. Check configuration.
<<2014-03-03 09:08:13,129> <WARN> <com.chordiant.core.configuration.ConfigurationHelper.log()> <ThreadID:CustomObjectsHelper delayed setup thread> method: getConfigurationValue():	null Array returned by getConfiguration()
<<2014-03-03 09:08:13,167> <WARN> <com.chordiant.core.configuration.ConfigurationHelper.log()> <ThreadID:Thread-55> method: putIntoHashTable():	Input Parameter is null. [ssvc_securitymgrbean.normalization]. This section has no configuration items. Check configuration.
<<2014-03-03 09:08:13,167> <WARN> <com.chordiant.core.configuration.ConfigurationHelper.log()> <ThreadID:Thread-55> method: getConfigurationValue():	null Array returned by getConfiguration()
<<2014-03-03 09:08:13,169> <WARN> <com.chordiant.core.configuration.ConfigurationHelper.log()> <ThreadID:CustomObjectsHelper delayed setup thread> method: putIntoHashTable():	Input Parameter is null. [cacheservice.normalization]. This section has no configuration items. Check configuration.
<<2014-03-03 09:08:13,170> <WARN> <com.chordiant.core.configuration.ConfigurationHelper.log()> <ThreadID:CustomObjectsHelper delayed setup thread> method: getConfigurationValue():	null Array returned by getConfiguration()
<<2014-03-03 09:08:13,171> <WARN> <com.chordiant.core.configuration.ConfigurationHelper.log()> <ThreadID:CustomObjectsHelper delayed setup thread> method: putIntoHashTable():	Input Parameter is null. [ssvc_userprofilecacheservice.normalization]. This section has no configuration items. Check configuration.
<<2014-03-03 09:08:13,172> <WARN> <com.chordiant.core.configuration.ConfigurationHelper.log()> <ThreadID:CustomObjectsHelper delayed setup thread> method: getConfigurationValue():	null Array returned by getConfiguration()
<<2014-03-03 09:08:13,281> <WARN> <com.chordiant.core.configuration.ConfigurationHelper.log()> <ThreadID:CustomObjectsHelper delayed setup thread> method: putIntoHashTable():	Input Parameter is null. [ssvc_securitymgrbean.normalization]. This section has no configuration items. Check configuration.
<<2014-03-03 09:08:13,282> <WARN> <com.chordiant.core.configuration.ConfigurationHelper.log()> <ThreadID:CustomObjectsHelper delayed setup thread> method: getConfigurationValue():	null Array returned by getConfiguration()
<<2014-03-03 09:08:13,333> <WARN> <com.chordiant.core.configuration.ConfigurationHelper.log()> <ThreadID:Thread-55> method: putIntoHashTable():	Input Parameter is null. [cacheservice.normalization]. This section has no configuration items. Check configuration.
<<2014-03-03 09:08:13,333> <WARN> <com.chordiant.core.configuration.ConfigurationHelper.log()> <ThreadID:Thread-55> method: getConfigurationValue():	null Array returned by getConfiguration()
<<2014-03-03 09:08:13,359> <WARN> <com.chordiant.core.configuration.ConfigurationHelper.log()> <ThreadID:Thread-55> method: putIntoHashTable():	Input Parameter is null. [cacheservice.normalization]. This section has no configuration items. Check configuration.
<<2014-03-03 09:08:13,360> <WARN> <com.chordiant.core.configuration.ConfigurationHelper.log()> <ThreadID:Thread-55> method: getConfigurationValue():	null Array returned by getConfiguration()
<<2014-03-03 09:08:13,391> <WARN> <com.chordiant.core.configuration.ConfigurationHelper.log()> <ThreadID:QTMSessionPool> method: putIntoHashTable():	Input Parameter is null. [cacheservice.normalization]. This section has no configuration items. Check configuration.
<<2014-03-03 09:08:13,391> <WARN> <com.chordiant.core.configuration.ConfigurationHelper.log()> <ThreadID:QTMSessionPool> method: getConfigurationValue():	null Array returned by getConfiguration()
<<2014-03-03 09:08:13,391> <WARN> <com.chordiant.core.configuration.ConfigurationHelper.log()> <ThreadID:Thread-55> method: putIntoHashTable():	Input Parameter is null. [cacheservice.normalization]. This section has no configuration items. Check configuration.
<<2014-03-03 09:08:13,392> <WARN> <com.chordiant.core.configuration.ConfigurationHelper.log()> <ThreadID:Thread-55> method: getConfigurationValue():	null Array returned by getConfiguration()
<<2014-03-03 09:08:13,393> <WARN> <com.chordiant.core.configuration.ConfigurationHelper.log()> <ThreadID:QTMSessionPool> method: putIntoHashTable():	Input Parameter is null. [userprofileservice.normalization]. This section has no configuration items. Check configuration.
<<2014-03-03 09:08:13,393> <WARN> <com.chordiant.core.configuration.ConfigurationHelper.log()> <ThreadID:QTMSessionPool> method: getConfigurationValue():	null Array returned by getConfiguration()
<<2014-03-03 09:08:13,403> <WARN> <com.chordiant.core.configuration.ConfigurationHelper.log()> <ThreadID:CustomObjectsHelper delayed setup thread> method: putIntoHashTable():	Input Parameter is null. [cacheservice.normalization]. This section has no configuration items. Check configuration.
<<2014-03-03 09:08:13,408> <WARN> <com.chordiant.core.configuration.ConfigurationHelper.log()> <ThreadID:CustomObjectsHelper delayed setup thread> method: getConfigurationValue():	null Array returned by getConfiguration()
<<2014-03-03 09:08:13,453> <WARN> <com.chordiant.core.configuration.ConfigurationHelper.log()> <ThreadID:Thread-55> method: putIntoHashTable():	Input Parameter is null. [cacheservice.normalization]. This section has no configuration items. Check configuration.
<<2014-03-03 09:08:13,453> <WARN> <com.chordiant.core.configuration.ConfigurationHelper.log()> <ThreadID:Thread-55> method: getConfigurationValue():	null Array returned by getConfiguration()
<<2014-03-03 09:08:13,480> <WARN> <com.chordiant.core.configuration.ConfigurationHelper.log()> <ThreadID:Thread-55> method: putIntoHashTable():	Input Parameter is null. [cacheservice.normalization]. This section has no configuration items. Check configuration.
<<2014-03-03 09:08:13,480> <WARN> <com.chordiant.core.configuration.ConfigurationHelper.log()> <ThreadID:Thread-55> method: getConfigurationValue():	null Array returned by getConfiguration()
<<2014-03-03 09:08:13,484> <WARN> <com.chordiant.core.configuration.ConfigurationHelper.log()> <ThreadID:QTMSessionPool> method: putIntoHashTable():	Input Parameter is null. [ssvc_securitymgrbean.normalization]. This section has no configuration items. Check configuration.
<<2014-03-03 09:08:13,484> <WARN> <com.chordiant.core.configuration.ConfigurationHelper.log()> <ThreadID:QTMSessionPool> method: getConfigurationValue():	null Array returned by getConfiguration()
<<2014-03-03 09:08:13,497> <WARN> <com.chordiant.core.configuration.ConfigurationHelper.log()> <ThreadID:CustomObjectsHelper delayed setup thread> method: putIntoHashTable():	Input Parameter is null. [ssvc_securitymgrbean.normalization]. This section has no configuration items. Check configuration.
<<2014-03-03 09:08:13,497> <WARN> <com.chordiant.core.configuration.ConfigurationHelper.log()> <ThreadID:CustomObjectsHelper delayed setup thread> method: getConfigurationValue():	null Array returned by getConfiguration()
<<2014-03-03 09:08:13,498> <WARN> <com.chordiant.core.configuration.ConfigurationHelper.log()> <ThreadID:CustomObjectsHelper delayed setup thread> method: putIntoHashTable():	Input Parameter is null. [sessionservice.normalization]. This section has no configuration items. Check configuration.
<<2014-03-03 09:08:13,499> <WARN> <com.chordiant.core.configuration.ConfigurationHelper.log()> <ThreadID:CustomObjectsHelper delayed setup thread> method: getConfigurationValue():	null Array returned by getConfiguration()
<<2014-03-03 09:08:13,508> <WARN> <com.chordiant.core.configuration.ConfigurationHelper.log()> <ThreadID:CustomObjectsHelper delayed setup thread> method: putIntoHashTable():	Input Parameter is null. [ssvc_securitymgrbean.normalization]. This section has no configuration items. Check configuration.
<<2014-03-03 09:08:13,508> <WARN> <com.chordiant.core.configuration.ConfigurationHelper.log()> <ThreadID:CustomObjectsHelper delayed setup thread> method: getConfigurationValue():	null Array returned by getConfiguration()
<<2014-03-03 09:08:13,516> <WARN> <com.chordiant.core.configuration.ConfigurationHelper.log()> <ThreadID:CustomObjectsHelper delayed setup thread> method: putIntoHashTable():	Input Parameter is null. [cacheservice.normalization]. This section has no configuration items. Check configuration.
<<2014-03-03 09:08:13,516> <WARN> <com.chordiant.core.configuration.ConfigurationHelper.log()> <ThreadID:CustomObjectsHelper delayed setup thread> method: getConfigurationValue():	null Array returned by getConfiguration()
<<2014-03-03 09:08:13,528> <WARN> <com.chordiant.core.configuration.ConfigurationHelper.log()> <ThreadID:QTMSessionPool> method: putIntoHashTable():	Input Parameter is null. [userprofileservice.normalization]. This section has no configuration items. Check configuration.
<<2014-03-03 09:08:13,529> <WARN> <com.chordiant.core.configuration.ConfigurationHelper.log()> <ThreadID:QTMSessionPool> method: getConfigurationValue():	null Array returned by getConfiguration()
<<2014-03-03 09:08:13,529> <WARN> <com.chordiant.core.configuration.ConfigurationHelper.log()> <ThreadID:CustomObjectsHelper delayed setup thread> method: putIntoHashTable():	Input Parameter is null. [seedservice.normalization]. This section has no configuration items. Check configuration.
<<2014-03-03 09:08:13,536> <WARN> <com.chordiant.core.configuration.ConfigurationHelper.log()> <ThreadID:CustomObjectsHelper delayed setup thread> method: getConfigurationValue():	null Array returned by getConfiguration()
<<2014-03-03 09:08:13,554> <WARN> <com.chordiant.core.configuration.ConfigurationHelper.log()> <ThreadID:CustomObjectsHelper delayed setup thread> method: putIntoHashTable():	Input Parameter is null. [ssvc_securitymgrbean.normalization]. This section has no configuration items. Check configuration.
<<2014-03-03 09:08:13,555> <WARN> <com.chordiant.core.configuration.ConfigurationHelper.log()> <ThreadID:CustomObjectsHelper delayed setup thread> method: getConfigurationValue():	null Array returned by getConfiguration()
<<2014-03-03 09:08:13,756> <WARN> <com.chordiant.core.configuration.ConfigurationHelper.log()> <ThreadID:QTMSessionPool> method: putIntoHashTable():	Input Parameter is null. [userprofileservice.normalization]. This section has no configuration items. Check configuration.
<<2014-03-03 09:08:13,756> <WARN> <com.chordiant.core.configuration.ConfigurationHelper.log()> <ThreadID:QTMSessionPool> method: getConfigurationValue():	null Array returned by getConfiguration()
<<2014-03-03 09:08:13,763> <WARN> <com.chordiant.core.configuration.ConfigurationHelper.log()> <ThreadID:QTMSessionPool> method: putIntoHashTable():	Input Parameter is null. [userprofileservice.normalization]. This section has no configuration items. Check configuration.
<<2014-03-03 09:08:13,763> <WARN> <com.chordiant.core.configuration.ConfigurationHelper.log()> <ThreadID:QTMSessionPool> method: getConfigurationValue():	null Array returned by getConfiguration()
<<2014-03-03 09:08:13,770> <WARN> <com.chordiant.core.configuration.ConfigurationHelper.log()> <ThreadID:QTMSessionPool> method: putIntoHashTable():	Input Parameter is null. [userprofileservice.normalization]. This section has no configuration items. Check configuration.
<<2014-03-03 09:08:13,770> <WARN> <com.chordiant.core.configuration.ConfigurationHelper.log()> <ThreadID:QTMSessionPool> method: getConfigurationValue():	null Array returned by getConfiguration()
<<2014-03-03 09:08:13,778> <WARN> <com.chordiant.core.configuration.ConfigurationHelper.log()> <ThreadID:QTMSessionPool> method: putIntoHashTable():	Input Parameter is null. [userprofileservice.normalization]. This section has no configuration items. Check configuration.
<<2014-03-03 09:08:13,778> <WARN> <com.chordiant.core.configuration.ConfigurationHelper.log()> <ThreadID:QTMSessionPool> method: getConfigurationValue():	null Array returned by getConfiguration()
<<2014-03-03 09:08:13,785> <WARN> <com.chordiant.core.configuration.ConfigurationHelper.log()> <ThreadID:QTMSessionPool> method: putIntoHashTable():	Input Parameter is null. [userprofileservice.normalization]. This section has no configuration items. Check configuration.
<<2014-03-03 09:08:13,786> <WARN> <com.chordiant.core.configuration.ConfigurationHelper.log()> <ThreadID:QTMSessionPool> method: getConfigurationValue():	null Array returned by getConfiguration()
<<2014-03-03 09:08:13,796> <WARN> <com.chordiant.core.configuration.ConfigurationHelper.log()> <ThreadID:QTMSessionPool> method: putIntoHashTable():	Input Parameter is null. [userprofileservice.normalization]. This section has no configuration items. Check configuration.
<<2014-03-03 09:08:13,796> <WARN> <com.chordiant.core.configuration.ConfigurationHelper.log()> <ThreadID:QTMSessionPool> method: getConfigurationValue():	null Array returned by getConfiguration()
<<2014-03-03 09:08:13,805> <WARN> <com.chordiant.core.configuration.ConfigurationHelper.log()> <ThreadID:QTMSessionPool> method: putIntoHashTable():	Input Parameter is null. [userprofileservice.normalization]. This section has no configuration items. Check configuration.
<<2014-03-03 09:08:13,805> <WARN> <com.chordiant.core.configuration.ConfigurationHelper.log()> <ThreadID:QTMSessionPool> method: getConfigurationValue():	null Array returned by getConfiguration()
<<2014-03-03 09:08:13,826> <WARN> <com.chordiant.core.configuration.ConfigurationHelper.log()> <ThreadID:QTMSessionPool> method: putIntoHashTable():	Input Parameter is null. [userprofileservice.normalization]. This section has no configuration items. Check configuration.
<<2014-03-03 09:08:13,828> <WARN> <com.chordiant.core.configuration.ConfigurationHelper.log()> <ThreadID:QTMSessionPool> method: getConfigurationValue():	null Array returned by getConfiguration()
<<2014-03-03 09:08:13,896> <WARN> <com.chordiant.core.configuration.ConfigurationHelper.log()> <ThreadID:QTMSessionPool> method: putIntoHashTable():	Input Parameter is null. [userprofileservice.normalization]. This section has no configuration items. Check configuration.
<<2014-03-03 09:08:13,896> <WARN> <com.chordiant.core.configuration.ConfigurationHelper.log()> <ThreadID:QTMSessionPool> method: getConfigurationValue():	null Array returned by getConfiguration()
<<2014-03-03 09:08:13,906> <WARN> <com.chordiant.core.configuration.ConfigurationHelper.log()> <ThreadID:QTMSessionPool> method: putIntoHashTable():	Input Parameter is null. [userprofileservice.normalization]. This section has no configuration items. Check configuration.
<<2014-03-03 09:08:13,906> <WARN> <com.chordiant.core.configuration.ConfigurationHelper.log()> <ThreadID:QTMSessionPool> method: getConfigurationValue():	null Array returned by getConfiguration()
<<2014-03-03 09:08:13,912> <WARN> <com.chordiant.core.configuration.ConfigurationHelper.log()> <ThreadID:QTMSessionPool> method: putIntoHashTable():	Input Parameter is null. [userprofileservice.normalization]. This section has no configuration items. Check configuration.
<<2014-03-03 09:08:13,912> <WARN> <com.chordiant.core.configuration.ConfigurationHelper.log()> <ThreadID:QTMSessionPool> method: getConfigurationValue():	null Array returned by getConfiguration()
<<2014-03-03 09:08:13,922> <WARN> <com.chordiant.core.configuration.ConfigurationHelper.log()> <ThreadID:QTMSessionPool> method: putIntoHashTable():	Input Parameter is null. [userprofileservice.normalization]. This section has no configuration items. Check configuration.
<<2014-03-03 09:08:13,922> <WARN> <com.chordiant.core.configuration.ConfigurationHelper.log()> <ThreadID:QTMSessionPool> method: getConfigurationValue():	null Array returned by getConfiguration()
<<2014-03-03 09:08:13,932> <WARN> <com.chordiant.core.configuration.ConfigurationHelper.log()> <ThreadID:QTMSessionPool> method: putIntoHashTable():	Input Parameter is null. [userprofileservice.normalization]. This section has no configuration items. Check configuration.
<<2014-03-03 09:08:13,932> <WARN> <com.chordiant.core.configuration.ConfigurationHelper.log()> <ThreadID:QTMSessionPool> method: getConfigurationValue():	null Array returned by getConfiguration()
<<2014-03-03 09:08:13,942> <WARN> <com.chordiant.core.configuration.ConfigurationHelper.log()> <ThreadID:QTMSessionPool> method: putIntoHashTable():	Input Parameter is null. [userprofileservice.normalization]. This section has no configuration items. Check configuration.
<<2014-03-03 09:08:13,943> <WARN> <com.chordiant.core.configuration.ConfigurationHelper.log()> <ThreadID:QTMSessionPool> method: getConfigurationValue():	null Array returned by getConfiguration()
<<2014-03-03 09:08:13,950> <WARN> <com.chordiant.core.configuration.ConfigurationHelper.log()> <ThreadID:QTMSessionPool> method: putIntoHashTable():	Input Parameter is null. [userprofileservice.normalization]. This section has no configuration items. Check configuration.
<<2014-03-03 09:08:13,951> <WARN> <com.chordiant.core.configuration.ConfigurationHelper.log()> <ThreadID:QTMSessionPool> method: getConfigurationValue():	null Array returned by getConfiguration()
<<2014-03-03 09:08:13,959> <WARN> <com.chordiant.core.configuration.ConfigurationHelper.log()> <ThreadID:QTMSessionPool> method: putIntoHashTable():	Input Parameter is null. [userprofileservice.normalization]. This section has no configuration items. Check configuration.
<<2014-03-03 09:08:13,959> <WARN> <com.chordiant.core.configuration.ConfigurationHelper.log()> <ThreadID:QTMSessionPool> method: getConfigurationValue():	null Array returned by getConfiguration()
<<2014-03-03 09:08:13,967> <WARN> <com.chordiant.core.configuration.ConfigurationHelper.log()> <ThreadID:QTMSessionPool> method: putIntoHashTable():	Input Parameter is null. [userprofileservice.normalization]. This section has no configuration items. Check configuration.
<<2014-03-03 09:08:13,967> <WARN> <com.chordiant.core.configuration.ConfigurationHelper.log()> <ThreadID:QTMSessionPool> method: getConfigurationValue():	null Array returned by getConfiguration()
<<2014-03-03 09:08:13,976> <WARN> <com.chordiant.core.configuration.ConfigurationHelper.log()> <ThreadID:QTMSessionPool> method: putIntoHashTable():	Input Parameter is null. [userprofileservice.normalization]. This section has no configuration items. Check configuration.
<<2014-03-03 09:08:13,976> <WARN> <com.chordiant.core.configuration.ConfigurationHelper.log()> <ThreadID:QTMSessionPool> method: getConfigurationValue():	null Array returned by getConfiguration()
<<2014-03-03 09:08:13,997> <WARN> <com.chordiant.core.configuration.ConfigurationHelper.log()> <ThreadID:QTMSessionPool> method: putIntoHashTable():	Input Parameter is null. [cacheservice.normalization]. This section has no configuration items. Check configuration.
<<2014-03-03 09:08:13,998> <WARN> <com.chordiant.core.configuration.ConfigurationHelper.log()> <ThreadID:QTMSessionPool> method: getConfigurationValue():	null Array returned by getConfiguration()
<<2014-03-03 09:08:13,999> <WARN> <com.chordiant.core.configuration.ConfigurationHelper.log()> <ThreadID:QTMSessionPool> method: putIntoHashTable():	Input Parameter is null. [queueservice.normalization]. This section has no configuration items. Check configuration.
<<2014-03-03 09:08:14,000> <WARN> <com.chordiant.core.configuration.ConfigurationHelper.log()> <ThreadID:QTMSessionPool> method: getConfigurationValue():	null Array returned by getConfiguration()
<<2014-03-03 09:08:14,049> <WARN> <com.chordiant.core.configuration.ConfigurationHelper.log()> <ThreadID:QTMSessionPool> method: putIntoHashTable():	Input Parameter is null. [ssvc_securitymgrbean.normalization]. This section has no configuration items. Check configuration.
<<2014-03-03 09:08:14,049> <WARN> <com.chordiant.core.configuration.ConfigurationHelper.log()> <ThreadID:QTMSessionPool> method: getConfigurationValue():	null Array returned by getConfiguration()
<<2014-03-03 09:08:14,079> <WARN> <com.chordiant.core.configuration.ConfigurationHelper.log()> <ThreadID:QTMSessionPool> method: putIntoHashTable():	Input Parameter is null. [seedservice.normalization]. This section has no configuration items. Check configuration.
<<2014-03-03 09:08:14,079> <WARN> <com.chordiant.core.configuration.ConfigurationHelper.log()> <ThreadID:QTMSessionPool> method: getConfigurationValue():	null Array returned by getConfiguration()
<<2014-03-03 09:08:14,080> <WARN> <com.chordiant.core.configuration.ConfigurationHelper.log()> <ThreadID:QTMSessionPool> method: putIntoHashTable():	Input Parameter is null. [ssvc_securitymgrbean.normalization]. This section has no configuration items. Check configuration.
<<2014-03-03 09:08:14,080> <WARN> <com.chordiant.core.configuration.ConfigurationHelper.log()> <ThreadID:QTMSessionPool> method: getConfigurationValue():	null Array returned by getConfiguration()
<<2014-03-03 09:08:14,222> <WARN> <com.chordiant.bd.resource.AbstractResourceManager.log()> <ThreadID:QTMSessionPool> method: setUpdateNull():	UnImplemented Method!. To be implemented by JXP specific Resource Manager
<<2014-03-03 09:08:14,223> <WARN> <com.chordiant.core.configuration.ConfigurationHelper.log()> <ThreadID:QTMSessionPool> method: putIntoHashTable():	Input Parameter is null. [seedservice.normalization]. This section has no configuration items. Check configuration.
<<2014-03-03 09:08:14,223> <WARN> <com.chordiant.core.configuration.ConfigurationHelper.log()> <ThreadID:QTMSessionPool> method: getConfigurationValue():	null Array returned by getConfiguration()
<<2014-03-03 09:08:14,234> <WARN> <com.chordiant.core.configuration.ConfigurationHelper.log()> <ThreadID:QTMSessionPool> method: putIntoHashTable():	Input Parameter is null. [queueservice.normalization]. This section has no configuration items. Check configuration.
<<2014-03-03 09:08:14,235> <WARN> <com.chordiant.core.configuration.ConfigurationHelper.log()> <ThreadID:QTMSessionPool> method: getConfigurationValue():	null Array returned by getConfiguration()
<<2014-03-03 09:08:14,235> <WARN> <com.chordiant.core.configuration.ConfigurationHelper.log()> <ThreadID:QTMSessionPool> method: putIntoHashTable():	Input Parameter is null. [ssvc_securitymgrbean.normalization]. This section has no configuration items. Check configuration.
<<2014-03-03 09:08:14,235> <WARN> <com.chordiant.core.configuration.ConfigurationHelper.log()> <ThreadID:QTMSessionPool> method: getConfigurationValue():	null Array returned by getConfiguration()
<<2014-03-03 09:08:14,243> <WARN> <com.chordiant.core.configuration.ConfigurationHelper.log()> <ThreadID:QTMSessionPool> method: putIntoHashTable():	Input Parameter is null. [seedservice.normalization]. This section has no configuration items. Check configuration.
<<2014-03-03 09:08:14,243> <WARN> <com.chordiant.core.configuration.ConfigurationHelper.log()> <ThreadID:QTMSessionPool> method: getConfigurationValue():	null Array returned by getConfiguration()
<<2014-03-03 09:08:14,247> <WARN> <com.chordiant.bd.resource.AbstractResourceManager.log()> <ThreadID:QTMSessionPool> method: setUpdateNull():	UnImplemented Method!. To be implemented by JXP specific Resource Manager
<<2014-03-03 09:08:14,248> <WARN> <com.chordiant.core.configuration.ConfigurationHelper.log()> <ThreadID:QTMSessionPool> method: putIntoHashTable():	Input Parameter is null. [seedservice.normalization]. This section has no configuration items. Check configuration.
<<2014-03-03 09:08:14,249> <WARN> <com.chordiant.core.configuration.ConfigurationHelper.log()> <ThreadID:QTMSessionPool> method: getConfigurationValue():	null Array returned by getConfiguration()
<<2014-03-03 09:08:14,616> <WARN> <com.chordiant.core.configuration.ConfigurationHelper.log()> <ThreadID:QTMSessionPool> method: putIntoHashTable():	Input Parameter is null. [queueservice.normalization]. This section has no configuration items. Check configuration.
<<2014-03-03 09:08:14,616> <WARN> <com.chordiant.core.configuration.ConfigurationHelper.log()> <ThreadID:QTMSessionPool> method: getConfigurationValue():	null Array returned by getConfiguration()
<<2014-03-03 09:08:14,624> <WARN> <com.chordiant.core.configuration.ConfigurationHelper.log()> <ThreadID:QTMSessionPool> method: putIntoHashTable():	Input Parameter is null. [queueservice.normalization]. This section has no configuration items. Check configuration.
<<2014-03-03 09:08:14,625> <WARN> <com.chordiant.core.configuration.ConfigurationHelper.log()> <ThreadID:QTMSessionPool> method: getConfigurationValue():	null Array returned by getConfiguration()
<<2014-03-03 09:08:14,630> <WARN> <com.chordiant.core.configuration.ConfigurationHelper.log()> <ThreadID:QTMSessionPool> method: putIntoHashTable():	Input Parameter is null. [queueservice.normalization]. This section has no configuration items. Check configuration.
<<2014-03-03 09:08:14,631> <WARN> <com.chordiant.core.configuration.ConfigurationHelper.log()> <ThreadID:QTMSessionPool> method: getConfigurationValue():	null Array returned by getConfiguration()
<<2014-03-03 09:08:14,636> <WARN> <com.chordiant.core.configuration.ConfigurationHelper.log()> <ThreadID:QTMSessionPool> method: putIntoHashTable():	Input Parameter is null. [queueservice.normalization]. This section has no configuration items. Check configuration.
<<2014-03-03 09:08:14,637> <WARN> <com.chordiant.core.configuration.ConfigurationHelper.log()> <ThreadID:QTMSessionPool> method: getConfigurationValue():	null Array returned by getConfiguration()
<<2014-03-03 09:08:14,643> <WARN> <com.chordiant.core.configuration.ConfigurationHelper.log()> <ThreadID:QTMSessionPool> method: putIntoHashTable():	Input Parameter is null. [queueservice.normalization]. This section has no configuration items. Check configuration.
<<2014-03-03 09:08:14,644> <WARN> <com.chordiant.core.configuration.ConfigurationHelper.log()> <ThreadID:QTMSessionPool> method: getConfigurationValue():	null Array returned by getConfiguration()
<<2014-03-03 09:08:14,650> <WARN> <com.chordiant.core.configuration.ConfigurationHelper.log()> <ThreadID:QTMSessionPool> method: putIntoHashTable():	Input Parameter is null. [queueservice.normalization]. This section has no configuration items. Check configuration.
<<2014-03-03 09:08:14,650> <WARN> <com.chordiant.core.configuration.ConfigurationHelper.log()> <ThreadID:QTMSessionPool> method: getConfigurationValue():	null Array returned by getConfiguration()
<<2014-03-03 09:08:14,656> <WARN> <com.chordiant.core.configuration.ConfigurationHelper.log()> <ThreadID:QTMSessionPool> method: putIntoHashTable():	Input Parameter is null. [queueservice.normalization]. This section has no configuration items. Check configuration.
<<2014-03-03 09:08:14,656> <WARN> <com.chordiant.core.configuration.ConfigurationHelper.log()> <ThreadID:QTMSessionPool> method: getConfigurationValue():	null Array returned by getConfiguration()
<<2014-03-03 09:08:14,669> <WARN> <com.chordiant.core.configuration.ConfigurationHelper.log()> <ThreadID:QTMSessionPool> method: putIntoHashTable():	Input Parameter is null. [queueservice.normalization]. This section has no configuration items. Check configuration.
<<2014-03-03 09:08:14,669> <WARN> <com.chordiant.core.configuration.ConfigurationHelper.log()> <ThreadID:QTMSessionPool> method: getConfigurationValue():	null Array returned by getConfiguration()
<<2014-03-03 09:08:14,675> <WARN> <com.chordiant.core.configuration.ConfigurationHelper.log()> <ThreadID:QTMSessionPool> method: putIntoHashTable():	Input Parameter is null. [queueservice.normalization]. This section has no configuration items. Check configuration.
<<2014-03-03 09:08:14,676> <WARN> <com.chordiant.core.configuration.ConfigurationHelper.log()> <ThreadID:QTMSessionPool> method: getConfigurationValue():	null Array returned by getConfiguration()
<<2014-03-03 09:08:14,683> <WARN> <com.chordiant.core.configuration.ConfigurationHelper.log()> <ThreadID:QTMSessionPool> method: putIntoHashTable():	Input Parameter is null. [queueservice.normalization]. This section has no configuration items. Check configuration.
<<2014-03-03 09:08:14,683> <WARN> <com.chordiant.core.configuration.ConfigurationHelper.log()> <ThreadID:QTMSessionPool> method: getConfigurationValue():	null Array returned by getConfiguration()
<<2014-03-03 09:08:14,689> <WARN> <com.chordiant.core.configuration.ConfigurationHelper.log()> <ThreadID:QTMSessionPool> method: putIntoHashTable():	Input Parameter is null. [queueservice.normalization]. This section has no configuration items. Check configuration.
<<2014-03-03 09:08:14,689> <WARN> <com.chordiant.core.configuration.ConfigurationHelper.log()> <ThreadID:QTMSessionPool> method: getConfigurationValue():	null Array returned by getConfiguration()
<<2014-03-03 09:08:14,708> <WARN> <com.chordiant.core.configuration.ConfigurationHelper.log()> <ThreadID:QTMSessionPool> method: putIntoHashTable():	Input Parameter is null. [queueservice.normalization]. This section has no configuration items. Check configuration.
<<2014-03-03 09:08:14,709> <WARN> <com.chordiant.core.configuration.ConfigurationHelper.log()> <ThreadID:QTMSessionPool> method: getConfigurationValue():	null Array returned by getConfiguration()
<<2014-03-03 09:08:14,717> <WARN> <com.chordiant.core.configuration.ConfigurationHelper.log()> <ThreadID:QTMSessionPool> method: putIntoHashTable():	Input Parameter is null. [queueservice.normalization]. This section has no configuration items. Check configuration.
<<2014-03-03 09:08:14,717> <WARN> <com.chordiant.core.configuration.ConfigurationHelper.log()> <ThreadID:QTMSessionPool> method: getConfigurationValue():	null Array returned by getConfiguration()
<<2014-03-03 09:08:14,726> <WARN> <com.chordiant.core.configuration.ConfigurationHelper.log()> <ThreadID:QTMSessionPool> method: putIntoHashTable():	Input Parameter is null. [queueservice.normalization]. This section has no configuration items. Check configuration.
<<2014-03-03 09:08:14,727> <WARN> <com.chordiant.core.configuration.ConfigurationHelper.log()> <ThreadID:QTMSessionPool> method: getConfigurationValue():	null Array returned by getConfiguration()
<<2014-03-03 09:08:14,735> <WARN> <com.chordiant.core.configuration.ConfigurationHelper.log()> <ThreadID:QTMSessionPool> method: putIntoHashTable():	Input Parameter is null. [queueservice.normalization]. This section has no configuration items. Check configuration.
<<2014-03-03 09:08:14,738> <WARN> <com.chordiant.core.configuration.ConfigurationHelper.log()> <ThreadID:QTMSessionPool> method: getConfigurationValue():	null Array returned by getConfiguration()
<<2014-03-03 09:08:14,744> <WARN> <com.chordiant.core.configuration.ConfigurationHelper.log()> <ThreadID:QTMSessionPool> method: putIntoHashTable():	Input Parameter is null. [queueservice.normalization]. This section has no configuration items. Check configuration.
<<2014-03-03 09:08:14,744> <WARN> <com.chordiant.core.configuration.ConfigurationHelper.log()> <ThreadID:QTMSessionPool> method: getConfigurationValue():	null Array returned by getConfiguration()
<<2014-03-03 09:08:14,779> <WARN> <com.chordiant.core.configuration.ConfigurationHelper.log()> <ThreadID:QTMSessionPool> method: putIntoHashTable():	Input Parameter is null. [queueservice.normalization]. This section has no configuration items. Check configuration.
<<2014-03-03 09:08:14,780> <WARN> <com.chordiant.core.configuration.ConfigurationHelper.log()> <ThreadID:QTMSessionPool> method: getConfigurationValue():	null Array returned by getConfiguration()
<<2014-03-03 09:08:14,787> <WARN> <com.chordiant.core.configuration.ConfigurationHelper.log()> <ThreadID:QTMSessionPool> method: putIntoHashTable():	Input Parameter is null. [queueservice.normalization]. This section has no configuration items. Check configuration.
<<2014-03-03 09:08:14,787> <WARN> <com.chordiant.core.configuration.ConfigurationHelper.log()> <ThreadID:QTMSessionPool> method: getConfigurationValue():	null Array returned by getConfiguration()
<<2014-03-03 09:08:14,799> <WARN> <com.chordiant.core.configuration.ConfigurationHelper.log()> <ThreadID:QTMSessionPool> method: putIntoHashTable():	Input Parameter is null. [queueservice.normalization]. This section has no configuration items. Check configuration.
<<2014-03-03 09:08:14,800> <WARN> <com.chordiant.core.configuration.ConfigurationHelper.log()> <ThreadID:QTMSessionPool> method: getConfigurationValue():	null Array returned by getConfiguration()
<<2014-03-03 09:08:14,806> <WARN> <com.chordiant.core.configuration.ConfigurationHelper.log()> <ThreadID:QTMSessionPool> method: putIntoHashTable():	Input Parameter is null. [queueservice.normalization]. This section has no configuration items. Check configuration.
<<2014-03-03 09:08:14,807> <WARN> <com.chordiant.core.configuration.ConfigurationHelper.log()> <ThreadID:QTMSessionPool> method: getConfigurationValue():	null Array returned by getConfiguration()
<<2014-03-03 09:09:14,809> <WARN> <com.chordiant.core.configuration.ConfigurationHelper.log()> <ThreadID:CustomObjectsHelper delayed setup thread> method: putIntoHashTable():	Input Parameter is null. [ssvc_securitymgrbean.normalization]. This section has no configuration items. Check configuration.
<<2014-03-03 09:09:14,809> <WARN> <com.chordiant.core.configuration.ConfigurationHelper.log()> <ThreadID:CustomObjectsHelper delayed setup thread> method: getConfigurationValue():	null Array returned by getConfiguration()
<<2014-03-03 09:09:14,863> <WARN> <com.chordiant.core.configuration.ConfigurationHelper.log()> <ThreadID:CustomObjectsHelper delayed setup thread> method: putIntoHashTable():	Input Parameter is null. [NONE]. This section has no configuration items. Check configuration.
<<2014-03-03 09:09:19,476> <WARN> <com.chordiant.core.configuration.ConfigurationHelper.log()> <ThreadID:CustomObjectsHelper delayed setup thread> method: putIntoHashTable():	Input Parameter is null. [ssvc_securitymgrbean.normalization]. This section has no configuration items. Check configuration.
<<2014-03-03 09:09:19,477> <WARN> <com.chordiant.core.configuration.ConfigurationHelper.log()> <ThreadID:CustomObjectsHelper delayed setup thread> method: getConfigurationValue():	null Array returned by getConfiguration()
<<2014-03-03 09:09:19,478> <WARN> <com.chordiant.core.configuration.ConfigurationHelper.log()> <ThreadID:CustomObjectsHelper delayed setup thread> method: putIntoHashTable():	Input Parameter is null. [cacheservice.normalization]. This section has no configuration items. Check configuration.
<<2014-03-03 09:09:19,478> <WARN> <com.chordiant.core.configuration.ConfigurationHelper.log()> <ThreadID:CustomObjectsHelper delayed setup thread> method: getConfigurationValue():	null Array returned by getConfiguration()
<<2014-03-03 09:09:19,489> <WARN> <com.chordiant.core.configuration.ConfigurationHelper.log()> <ThreadID:CustomObjectsHelper delayed setup thread> method: putIntoHashTable():	Input Parameter is null. [cacheservice.normalization]. This section has no configuration items. Check configuration.
<<2014-03-03 09:09:19,490> <WARN> <com.chordiant.core.configuration.ConfigurationHelper.log()> <ThreadID:CustomObjectsHelper delayed setup thread> method: getConfigurationValue():	null Array returned by getConfiguration()
<<2014-03-03 09:14:54,031> <WARN> <com.chordiant.cafe.cache.HashCache.log()> <ThreadID:WebContainer : 0> method: get():	CacheItem defaultpreferences does not exist in HashCache instance.
<<2014-03-03 09:14:54,086> <WARN> <com.chordiant.core.configuration.ConfigurationHelper.log()> <ThreadID:WebContainer : 0> method: putIntoHashTable():	Input Parameter is null. [cacheservice.normalization]. This section has no configuration items. Check configuration.
<<2014-03-03 09:14:54,087> <WARN> <com.chordiant.core.configuration.ConfigurationHelper.log()> <ThreadID:WebContainer : 0> method: getConfigurationValue():	null Array returned by getConfiguration()
<<2014-03-03 09:14:54,092> <WARN> <com.chordiant.core.configuration.ConfigurationHelper.log()> <ThreadID:WebContainer : 0> method: putIntoHashTable():	Input Parameter is null. [xmlstorageservice.normalization]. This section has no configuration items. Check configuration.
<<2014-03-03 09:14:54,092> <WARN> <com.chordiant.core.configuration.ConfigurationHelper.log()> <ThreadID:WebContainer : 0> method: getConfigurationValue():	null Array returned by getConfiguration()
<<2014-03-03 09:14:54,098> <WARN> <com.chordiant.core.configuration.ConfigurationHelper.log()> <ThreadID:WebContainer : 0> method: putIntoHashTable():	Input Parameter is null. [ssvc_securitymgrbean.normalization]. This section has no configuration items. Check configuration.
<<2014-03-03 09:14:54,098> <WARN> <com.chordiant.core.configuration.ConfigurationHelper.log()> <ThreadID:WebContainer : 0> method: getConfigurationValue():	null Array returned by getConfiguration()
<<2014-03-03 09:14:54,349> <WARN> <com.chordiant.core.configuration.ConfigurationHelper.log()> <ThreadID:WebContainer : 0> method: putIntoHashTable():	Input Parameter is null. [cacheservice.normalization]. This section has no configuration items. Check configuration.
<<2014-03-03 09:14:54,350> <WARN> <com.chordiant.core.configuration.ConfigurationHelper.log()> <ThreadID:WebContainer : 0> method: getConfigurationValue():	null Array returned by getConfiguration()
<<2014-03-03 09:14:54,354> <WARN> <com.chordiant.core.configuration.ConfigurationHelper.log()> <ThreadID:WebContainer : 0> method: putIntoHashTable():	Input Parameter is null. [seedservice.normalization]. This section has no configuration items. Check configuration.
<<2014-03-03 09:14:54,355> <WARN> <com.chordiant.core.configuration.ConfigurationHelper.log()> <ThreadID:WebContainer : 0> method: getConfigurationValue():	null Array returned by getConfiguration()
<<2014-03-03 09:14:54,575> <WARN> <com.chordiant.cafe.cache.HashCache.log()> <ThreadID:WebContainer : 0> method: get():	CacheItem desktopskins does not exist in HashCache instance.
